<?xml version="1.0" encoding="UTF-8"?>
<!-- Generated by org.testng.reporters.JUnitXMLReporter -->
<testsuite ignored="0" hostname="DESKTOP-5L7N2A8" failures="0" tests="4" name="Command line test" time="27.606" errors="0" timestamp="2022-09-12T10:16:08 CEST">
  <testcase classname="TP1Test" name="test1" time="6.197"/>
  <testcase classname="TP1Test" name="testAmazon" time="5.236"/>
  <testcase classname="TP3Test" name="testAmazon" time="5.981"/>
  <testcase classname="TP3Test" name="testAmazonList" time="6.128"/>
</testsuite> <!-- Command line test -->
