<?xml version="1.0" encoding="UTF-8"?>
<testng-results ignored="0" total="2" passed="2" failed="0" skipped="0">
  <reporter-output>
  </reporter-output>
  <suite started-at="2022-09-15T16:12:30 CEST" name="Suite" finished-at="2022-09-15T16:12:48 CEST" duration-ms="18185">
    <groups>
    </groups>
    <test started-at="2022-09-15T16:12:30 CEST" name="Test 1" finished-at="2022-09-15T16:12:38 CEST" duration-ms="7770">
      <class name="TpTestHover">
        <test-method is-config="true" signature="before()[pri:0, instance:TpTestHover@126945f9]" started-at="2022-09-15T16:12:30 CEST" name="before" finished-at="2022-09-15T16:12:33 CEST" duration-ms="3180" status="PASS">
          <reporter-output>
          </reporter-output>
        </test-method> <!-- before -->
        <test-method signature="TestHover()[pri:0, instance:TpTestHover@126945f9]" started-at="2022-09-15T16:12:33 CEST" name="TestHover" finished-at="2022-09-15T16:12:37 CEST" duration-ms="3431" status="PASS">
          <reporter-output>
          </reporter-output>
        </test-method> <!-- TestHover -->
        <test-method is-config="true" signature="teardown()[pri:0, instance:TpTestHover@126945f9]" started-at="2022-09-15T16:12:37 CEST" name="teardown" finished-at="2022-09-15T16:12:38 CEST" duration-ms="1125" status="PASS">
          <reporter-output>
          </reporter-output>
        </test-method> <!-- teardown -->
      </class> <!-- TpTestHover -->
    </test> <!-- Test 1 -->
    <test started-at="2022-09-15T16:12:38 CEST" name="Test 2" finished-at="2022-09-15T16:12:48 CEST" duration-ms="10403">
      <class name="TpPageObjectTest">
        <test-method is-config="true" signature="before()[pri:0, instance:TpPageObjectTest@604c5de8]" started-at="2022-09-15T16:12:38 CEST" name="before" finished-at="2022-09-15T16:12:40 CEST" duration-ms="1906" status="PASS">
          <reporter-output>
          </reporter-output>
        </test-method> <!-- before -->
        <test-method signature="testPO()[pri:0, instance:TpPageObjectTest@604c5de8]" started-at="2022-09-15T16:12:40 CEST" name="testPO" finished-at="2022-09-15T16:12:48 CEST" duration-ms="8309" status="PASS">
          <reporter-output>
          </reporter-output>
        </test-method> <!-- testPO -->
        <test-method is-config="true" signature="teardown()[pri:0, instance:TpPageObjectTest@604c5de8]" started-at="2022-09-15T16:12:48 CEST" name="teardown" finished-at="2022-09-15T16:12:48 CEST" duration-ms="187" status="PASS">
          <reporter-output>
          </reporter-output>
        </test-method> <!-- teardown -->
      </class> <!-- TpPageObjectTest -->
    </test> <!-- Test 2 -->
  </suite> <!-- Suite -->
</testng-results>
